# JRE version: Java(TM) SE Runtime Environment (17.0+35) (build 17+35-LTS-2724)
# Java VM: Java HotSpot(TM) 64-Bit Server VM (17+35-LTS-2724, mixed mode, sharing, tiered, compressed oops, compressed class ptrs, g1 gc, windows-amd64)
GC Precious Log:
 CPUs: 8 total, 8 available
 Memory: 6060M
 Large Page Support: Disabled
 NUMA Support: Disabled
 Compressed Oops: Enabled (Zero based)
 Heap Region Size: 8M
 Heap Min Capacity: 8M
 Heap Initial Capacity: 96M
 Heap Max Capacity: 10G
 Pre-touch: Disabled
 Parallel Workers: 8
 Concurrent Workers: 2
 Concurrent Refinement Workers: 8
 Periodic GC: Disabled
Heap:
 garbage-first heap   total 2654208K, used 1136187K [0x0000000580000000, 0x0000000800000000)
  region size 8192K, 2 young (16384K), 2 survivors (16384K)
 Metaspace       used 2709K, committed 2880K, reserved 1056768K
  class space    used 245K, committed 320K, reserved 1048576K
GC Heap History (20 events):
Event: 0.612 GC heap after
{Heap after GC invocations=8 (full 0):
 garbage-first heap   total 294912K, used 153297K [0x0000000580000000, 0x0000000800000000)
  region size 8192K, 1 young (8192K), 1 survivors (8192K)
 Metaspace       used 2709K, committed 2880K, reserved 1056768K
  class space    used 245K, committed 320K, reserved 1048576K
}
Event: 0.624 GC heap before
{Heap before GC invocations=8 (full 0):
 garbage-first heap   total 294912K, used 177873K [0x0000000580000000, 0x0000000800000000)
  region size 8192K, 4 young (32768K), 1 survivors (8192K)
 Metaspace       used 2709K, committed 2880K, reserved 1056768K
  class space    used 245K, committed 320K, reserved 1048576K
}
Event: 0.657 GC heap after
{Heap after GC invocations=9 (full 0):
 garbage-first heap   total 884736K, used 179428K [0x0000000580000000, 0x0000000800000000)
  region size 8192K, 1 young (8192K), 1 survivors (8192K)
 Metaspace       used 2709K, committed 2880K, reserved 1056768K
  class space    used 245K, committed 320K, reserved 1048576K
}
Event: 0.885 GC heap before
{Heap before GC invocations=10 (full 0):
 garbage-first heap   total 884736K, used 359652K [0x0000000580000000, 0x0000000800000000)
  region size 8192K, 23 young (188416K), 1 survivors (8192K)
 Metaspace       used 2709K, committed 2880K, reserved 1056768K
  class space    used 245K, committed 320K, reserved 1048576K
}
Event: 1.028 GC heap after
{Heap after GC invocations=11 (full 0):
 garbage-first heap   total 884736K, used 360448K [0x0000000580000000, 0x0000000800000000)
  region size 8192K, 3 young (24576K), 3 survivors (24576K)
 Metaspace       used 2709K, committed 2880K, reserved 1056768K
  class space    used 245K, committed 320K, reserved 1048576K
}
Event: 1.055 GC heap before
{Heap before GC invocations=11 (full 0):
 garbage-first heap   total 884736K, used 409600K [0x0000000580000000, 0x0000000800000000)
  region size 8192K, 9 young (73728K), 3 survivors (24576K)
 Metaspace       used 2709K, committed 2880K, reserved 1056768K
  class space    used 245K, committed 320K, reserved 1048576K
}
Event: 1.109 GC heap after
{Heap after GC invocations=12 (full 0):
 garbage-first heap   total 884736K, used 424241K [0x0000000580000000, 0x0000000800000000)
  region size 8192K, 2 young (16384K), 2 survivors (16384K)
 Metaspace       used 2709K, committed 2880K, reserved 1056768K
  class space    used 245K, committed 320K, reserved 1048576K
}
Event: 1.136 GC heap before
{Heap before GC invocations=12 (full 0):
 garbage-first heap   total 884736K, used 473393K [0x0000000580000000, 0x0000000800000000)
  region size 8192K, 8 young (65536K), 2 survivors (16384K)
 Metaspace       used 2709K, committed 2880K, reserved 1056768K
  class space    used 245K, committed 320K, reserved 1048576K
}
Event: 1.182 GC heap after
{Heap after GC invocations=13 (full 0):
 garbage-first heap   total 884736K, used 480777K [0x0000000580000000, 0x0000000800000000)
  region size 8192K, 1 young (8192K), 1 survivors (8192K)
 Metaspace       used 2709K, committed 2880K, reserved 1056768K
  class space    used 245K, committed 320K, reserved 1048576K
}
Event: 1.239 GC heap before
{Heap before GC invocations=13 (full 0):
 garbage-first heap   total 884736K, used 570889K [0x0000000580000000, 0x0000000800000000)
  region size 8192K, 12 young (98304K), 1 survivors (8192K)
 Metaspace       used 2709K, committed 2880K, reserved 1056768K
  class space    used 245K, committed 320K, reserved 1048576K
}
Event: 1.308 GC heap after
{Heap after GC invocations=14 (full 0):
 garbage-first heap   total 884736K, used 574984K [0x0000000580000000, 0x0000000800000000)
  region size 8192K, 2 young (16384K), 2 survivors (16384K)
 Metaspace       used 2709K, committed 2880K, reserved 1056768K
  class space    used 245K, committed 320K, reserved 1048576K
}
Event: 1.343 GC heap before
{Heap before GC invocations=14 (full 0):
 garbage-first heap   total 884736K, used 632328K [0x0000000580000000, 0x0000000800000000)
  region size 8192K, 9 young (73728K), 2 survivors (16384K)
 Metaspace       used 2709K, committed 2880K, reserved 1056768K
  class space    used 245K, committed 320K, reserved 1048576K
}
Event: 1.671 GC heap after
{Heap after GC invocations=15 (full 0):
 garbage-first heap   total 2654208K, used 638976K [0x0000000580000000, 0x0000000800000000)
  region size 8192K, 2 young (16384K), 2 survivors (16384K)
 Metaspace       used 2709K, committed 2880K, reserved 1056768K
  class space    used 245K, committed 320K, reserved 1048576K
}
Event: 2.128 GC heap before
{Heap before GC invocations=15 (full 0):
 garbage-first heap   total 2654208K, used 753664K [0x0000000580000000, 0x0000000800000000)
  region size 8192K, 16 young (131072K), 2 survivors (16384K)
 Metaspace       used 2709K, committed 2880K, reserved 1056768K
  class space    used 245K, committed 320K, reserved 1048576K
}
Event: 2.377 GC heap after
{Heap after GC invocations=16 (full 0):
 garbage-first heap   total 2654208K, used 759882K [0x0000000580000000, 0x0000000800000000)
  region size 8192K, 2 young (16384K), 2 survivors (16384K)
 Metaspace       used 2709K, committed 2880K, reserved 1056768K
  class space    used 245K, committed 320K, reserved 1048576K
}
Event: 2.445 GC heap before
{Heap before GC invocations=16 (full 0):
 garbage-first heap   total 2654208K, used 874570K [0x0000000580000000, 0x0000000800000000)
  region size 8192K, 16 young (131072K), 2 survivors (16384K)
 Metaspace       used 2709K, committed 2880K, reserved 1056768K
  class space    used 245K, committed 320K, reserved 1048576K
}
Event: 2.699 GC heap after
{Heap after GC invocations=17 (full 0):
 garbage-first heap   total 2654208K, used 881620K [0x0000000580000000, 0x0000000800000000)
  region size 8192K, 2 young (16384K), 2 survivors (16384K)
 Metaspace       used 2709K, committed 2880K, reserved 1056768K
  class space    used 245K, committed 320K, reserved 1048576K
}
Event: 2.835 GC heap before
{Heap before GC invocations=17 (full 0):
 garbage-first heap   total 2654208K, used 996308K [0x0000000580000000, 0x0000000800000000)
  region size 8192K, 16 young (131072K), 2 survivors (16384K)
 Metaspace       used 2709K, committed 2880K, reserved 1056768K
  class space    used 245K, committed 320K, reserved 1048576K
}
Event: 3.095 GC heap after
{Heap after GC invocations=18 (full 0):
 garbage-first heap   total 2654208K, used 1007616K [0x0000000580000000, 0x0000000800000000)
  region size 8192K, 2 young (16384K), 2 survivors (16384K)
 Metaspace       used 2709K, committed 2880K, reserved 1056768K
  class space    used 245K, committed 320K, reserved 1048576K
}
Event: 3.202 GC heap before
{Heap before GC invocations=18 (full 0):
 garbage-first heap   total 2654208K, used 1122304K [0x0000000580000000, 0x0000000800000000)
  region size 8192K, 16 young (131072K), 2 survivors (16384K)
 Metaspace       used 2709K, committed 2880K, reserved 1056768K
  class space    used 245K, committed 320K, reserved 1048576K
}

